# JRE version: Java(TM) SE Runtime Environment (20.0.1+9) (build 20.0.1+9-29)
# Java VM: Java HotSpot(TM) 64-Bit Server VM (20.0.1+9-29, mixed mode, sharing, tiered, compressed oops, compressed class ptrs, g1 gc, windows-amd64)
GC Precious Log:
 CardTable entry size: 512
 Card Set container configuration: InlinePtr #cards 5 size 8 Array Of Cards #cards 12 size 40 Howl #buckets 4 coarsen threshold 1843 Howl Bitmap #cards 512 size 80 coarsen threshold 460 Card regions per heap region 1 cards per card region 2048
 CPUs: 4 total, 4 available
 Memory: 3962M
 Large Page Support: Disabled
 NUMA Support: Disabled
 Compressed Oops: Enabled (32-bit)
 Heap Region Size: 1M
 Heap Min Capacity: 8M
 Heap Initial Capacity: 62M
 Heap Max Capacity: 992M
 Pre-touch: Disabled
 Parallel Workers: 4
 Concurrent Workers: 1
 Concurrent Refinement Workers: 4
 Periodic GC: Disabled
Heap:
 garbage-first heap   total 48128K, used 31780K [0x00000000c2000000, 0x0000000100000000)
  region size 1024K, 15 young (15360K), 2 survivors (2048K)
 Metaspace       used 38782K, committed 39360K, reserved 1114112K
  class space    used 5042K, committed 5312K, reserved 1048576K
GC Heap History (18 events):
Event: 3.596 GC heap before
{Heap before GC invocations=0 (full 0):
 garbage-first heap   total 63488K, used 13312K [0x00000000c2000000, 0x0000000100000000)
  region size 1024K, 13 young (13312K), 0 survivors (0K)
 Metaspace       used 3368K, committed 3520K, reserved 1114112K
  class space    used 317K, committed 384K, reserved 1048576K
}
Event: 3.613 GC heap after
{Heap after GC invocations=1 (full 0):
 garbage-first heap   total 63488K, used 6464K [0x00000000c2000000, 0x0000000100000000)
  region size 1024K, 2 young (2048K), 2 survivors (2048K)
 Metaspace       used 3368K, committed 3520K, reserved 1114112K
  class space    used 317K, committed 384K, reserved 1048576K
}
Event: 4.202 GC heap before
{Heap before GC invocations=1 (full 0):
 garbage-first heap   total 63488K, used 17728K [0x00000000c2000000, 0x0000000100000000)
  region size 1024K, 14 young (14336K), 2 survivors (2048K)
 Metaspace       used 7049K, committed 7296K, reserved 1114112K
  class space    used 820K, committed 960K, reserved 1048576K
}
Event: 4.209 GC heap after
{Heap after GC invocations=2 (full 0):
 garbage-first heap   total 63488K, used 7792K [0x00000000c2000000, 0x0000000100000000)
  region size 1024K, 2 young (2048K), 2 survivors (2048K)
 Metaspace       used 7049K, committed 7296K, reserved 1114112K
  class space    used 820K, committed 960K, reserved 1048576K
}
Event: 5.161 GC heap before
{Heap before GC invocations=2 (full 0):
 garbage-first heap   total 63488K, used 31344K [0x00000000c2000000, 0x0000000100000000)
  region size 1024K, 26 young (26624K), 2 survivors (2048K)
 Metaspace       used 13506K, committed 13824K, reserved 1114112K
  class space    used 1757K, committed 1920K, reserved 1048576K
}
Event: 5.167 GC heap after
{Heap after GC invocations=3 (full 0):
 garbage-first heap   total 63488K, used 9632K [0x00000000c2000000, 0x0000000100000000)
  region size 1024K, 3 young (3072K), 3 survivors (3072K)
 Metaspace       used 13506K, committed 13824K, reserved 1114112K
  class space    used 1757K, committed 1920K, reserved 1048576K
}
Event: 6.127 GC heap before
{Heap before GC invocations=3 (full 0):
 garbage-first heap   total 63488K, used 43424K [0x00000000c2000000, 0x0000000100000000)
  region size 1024K, 37 young (37888K), 3 survivors (3072K)
 Metaspace       used 20710K, committed 20992K, reserved 1114112K
  class space    used 2553K, committed 2688K, reserved 1048576K
}
Event: 6.139 GC heap after
{Heap after GC invocations=4 (full 0):
 garbage-first heap   total 63488K, used 12896K [0x00000000c2000000, 0x0000000100000000)
  region size 1024K, 5 young (5120K), 5 survivors (5120K)
 Metaspace       used 20710K, committed 20992K, reserved 1114112K
  class space    used 2553K, committed 2688K, reserved 1048576K
}
Event: 6.301 GC heap before
{Heap before GC invocations=4 (full 0):
 garbage-first heap   total 63488K, used 18016K [0x00000000c2000000, 0x0000000100000000)
  region size 1024K, 11 young (11264K), 5 survivors (5120K)
 Metaspace       used 21223K, committed 21504K, reserved 1114112K
  class space    used 2622K, committed 2752K, reserved 1048576K
}
Event: 6.313 GC heap after
{Heap after GC invocations=5 (full 0):
 garbage-first heap   total 63488K, used 14003K [0x00000000c2000000, 0x0000000100000000)
  region size 1024K, 1 young (1024K), 1 survivors (1024K)
 Metaspace       used 21223K, committed 21504K, reserved 1114112K
  class space    used 2622K, committed 2752K, reserved 1048576K
}
Event: 8.149 GC heap before
{Heap before GC invocations=6 (full 0):
 garbage-first heap   total 48128K, used 40627K [0x00000000c2000000, 0x0000000100000000)
  region size 1024K, 28 young (28672K), 1 survivors (1024K)
 Metaspace       used 25643K, committed 26048K, reserved 1114112K
  class space    used 3200K, committed 3392K, reserved 1048576K
}
Event: 8.157 GC heap after
{Heap after GC invocations=7 (full 0):
 garbage-first heap   total 48128K, used 16014K [0x00000000c2000000, 0x0000000100000000)
  region size 1024K, 3 young (3072K), 3 survivors (3072K)
 Metaspace       used 25643K, committed 26048K, reserved 1114112K
  class space    used 3200K, committed 3392K, reserved 1048576K
}
Event: 9.307 GC heap before
{Heap before GC invocations=7 (full 0):
 garbage-first heap   total 48128K, used 38542K [0x00000000c2000000, 0x0000000100000000)
  region size 1024K, 25 young (25600K), 3 survivors (3072K)
 Metaspace       used 30512K, committed 31040K, reserved 1114112K
  class space    used 3847K, committed 4096K, reserved 1048576K
}
Event: 9.326 GC heap after
{Heap after GC invocations=8 (full 0):
 garbage-first heap   total 48128K, used 18137K [0x00000000c2000000, 0x0000000100000000)
  region size 1024K, 3 young (3072K), 3 survivors (3072K)
 Metaspace       used 30512K, committed 31040K, reserved 1114112K
  class space    used 3847K, committed 4096K, reserved 1048576K
}
Event: 10.368 GC heap before
{Heap before GC invocations=8 (full 0):
 garbage-first heap   total 48128K, used 37593K [0x00000000c2000000, 0x0000000100000000)
  region size 1024K, 23 young (23552K), 3 survivors (3072K)
 Metaspace       used 34852K, committed 35392K, reserved 1114112K
  class space    used 4448K, committed 4672K, reserved 1048576K
}
Event: 10.377 GC heap after
{Heap after GC invocations=9 (full 0):
 garbage-first heap   total 48128K, used 19434K [0x00000000c2000000, 0x0000000100000000)
  region size 1024K, 2 young (2048K), 2 survivors (2048K)
 Metaspace       used 34852K, committed 35392K, reserved 1114112K
  class space    used 4448K, committed 4672K, reserved 1048576K
}
Event: 10.480 GC heap before
{Heap before GC invocations=9 (full 0):
 garbage-first heap   total 48128K, used 20458K [0x00000000c2000000, 0x0000000100000000)
  region size 1024K, 4 young (4096K), 2 survivors (2048K)
 Metaspace       used 35416K, committed 35968K, reserved 1114112K
  class space    used 4553K, committed 4800K, reserved 1048576K
}
Event: 10.487 GC heap after
{Heap after GC invocations=10 (full 0):
 garbage-first heap   total 48128K, used 19492K [0x00000000c2000000, 0x0000000100000000)
  region size 1024K, 2 young (2048K), 2 survivors (2048K)
 Metaspace       used 35416K, committed 35968K, reserved 1114112K
  class space    used 4553K, committed 4800K, reserved 1048576K
}

